2026-06-06 08:06:39.219 -03:00 [INF] Executed DbCommand (14ms) [Parameters=[], CommandType='"Text"', CommandTimeout='30']
SELECT COUNT(*) FROM "sqlite_master" WHERE "type" = 'table' AND "rootpage" IS NOT NULL;
2026-06-06 08:06:51.109 -03:00 [INF] Starting Amcache Parser scan...
2026-06-06 08:06:51.187 -03:00 [ERR] Error scanning Amcache Parser
System.IO.IOException: The process cannot access the file 'C:\Windows\appcompat\Programs\Amcache.hve' because it is being used by another process.
   at Microsoft.Win32.SafeHandles.SafeFileHandle.CreateFile(String fullPath, FileMode mode, FileAccess access, FileShare share, FileOptions options)
   at Microsoft.Win32.SafeHandles.SafeFileHandle.Open(String fullPath, FileMode mode, FileAccess access, FileShare share, FileOptions options, Int64 preallocationSize, Nullable`1 unixCreateMode)
   at System.IO.Strategies.OSFileStreamStrategy..ctor(String path, FileMode mode, FileAccess access, FileShare share, FileOptions options, Int64 preallocationSize, Nullable`1 unixCreateMode)
   at System.IO.Strategies.FileStreamHelpers.ChooseStrategyCore(String path, FileMode mode, FileAccess access, FileShare share, FileOptions options, Int64 preallocationSize, Nullable`1 unixCreateMode)
   at System.IO.File.OpenRead(String path)
   at ForensicAnalyzerPro.Infrastructure.EvidenceManagement.EvidenceManager.CalculateSHA256Async(String filePath) in C:\Users\Administrator\Desktop\c++\ForensicAnalyzerPro\src\ForensicAnalyzerPro.Infrastructure\EvidenceManagement\EvidenceManager.cs:line 38
   at ForensicAnalyzerPro.Infrastructure.EvidenceManagement.EvidenceManager.CollectEvidenceAsync(String sourcePath, String name, String description) in C:\Users\Administrator\Desktop\c++\ForensicAnalyzerPro\src\ForensicAnalyzerPro.Infrastructure\EvidenceManagement\EvidenceManager.cs:line 28
   at ForensicAnalyzerPro.Application.Services.ScanCoordinatorService.RunScanAsync(ScanOptions options, IProgress`1 progress) in C:\Users\Administrator\Desktop\c++\ForensicAnalyzerPro\src\ForensicAnalyzerPro.Application\Services\ScanCoordinatorService.cs:line 84
2026-06-06 08:06:51.346 -03:00 [INF] Starting BAM Parser scan...
2026-06-06 08:06:51.347 -03:00 [INF] Starting Prefetch Parser scan...
2026-06-06 08:06:51.349 -03:00 [INF] Starting USN Journal Parser scan...
2026-06-06 08:06:51.522 -03:00 [INF] Starting MFT Parser scan...
2026-06-06 08:06:51.546 -03:00 [INF] Starting SRUM Parser scan...
2026-06-06 08:06:51.548 -03:00 [INF] Starting Event Log Parser scan...
2026-06-06 08:06:51.549 -03:00 [ERR] Error scanning Event Log Parser
System.IO.IOException: The process cannot access the file 'C:\Windows\System32\winevt\Logs\Security.evtx' because it is being used by another process.
   at Microsoft.Win32.SafeHandles.SafeFileHandle.CreateFile(String fullPath, FileMode mode, FileAccess access, FileShare share, FileOptions options)
   at Microsoft.Win32.SafeHandles.SafeFileHandle.Open(String fullPath, FileMode mode, FileAccess access, FileShare share, FileOptions options, Int64 preallocationSize, Nullable`1 unixCreateMode)
   at System.IO.Strategies.OSFileStreamStrategy..ctor(String path, FileMode mode, FileAccess access, FileShare share, FileOptions options, Int64 preallocationSize, Nullable`1 unixCreateMode)
   at System.IO.Strategies.FileStreamHelpers.ChooseStrategyCore(String path, FileMode mode, FileAccess access, FileShare share, FileOptions options, Int64 preallocationSize, Nullable`1 unixCreateMode)
   at System.IO.File.OpenRead(String path)
   at ForensicAnalyzerPro.Infrastructure.EvidenceManagement.EvidenceManager.CalculateSHA256Async(String filePath) in C:\Users\Administrator\Desktop\c++\ForensicAnalyzerPro\src\ForensicAnalyzerPro.Infrastructure\EvidenceManagement\EvidenceManager.cs:line 38
   at ForensicAnalyzerPro.Infrastructure.EvidenceManagement.EvidenceManager.CollectEvidenceAsync(String sourcePath, String name, String description) in C:\Users\Administrator\Desktop\c++\ForensicAnalyzerPro\src\ForensicAnalyzerPro.Infrastructure\EvidenceManagement\EvidenceManager.cs:line 28
   at ForensicAnalyzerPro.Application.Services.ScanCoordinatorService.RunScanAsync(ScanOptions options, IProgress`1 progress) in C:\Users\Administrator\Desktop\c++\ForensicAnalyzerPro\src\ForensicAnalyzerPro.Application\Services\ScanCoordinatorService.cs:line 84
2026-06-06 08:06:51.550 -03:00 [INF] Starting Registry Parser scan...
2026-06-06 08:06:51.552 -03:00 [INF] Starting Browser Parser scan...
2026-06-06 08:06:51.554 -03:00 [INF] Starting PowerShell Parser scan...
2026-06-06 08:06:51.556 -03:00 [INF] Starting Services Parser scan...
2026-06-06 08:06:51.557 -03:00 [INF] Starting Task Scheduler Parser scan...
2026-06-06 08:06:51.559 -03:00 [INF] Starting Startup Parser scan...
2026-06-06 08:06:51.561 -03:00 [INF] Starting USB Device Parser scan...
2026-06-06 08:06:51.580 -03:00 [INF] Starting Network Artifact Parser scan...
2026-06-06 08:06:51.603 -03:00 [INF] Scan 148fd582-a84a-4cf9-971a-fda68d10f659 completed. Found 84 events.
2026-06-06 08:26:37.715 -03:00 [INF] Executed DbCommand (11ms) [Parameters=[], CommandType='"Text"', CommandTimeout='30']
SELECT COUNT(*) FROM "sqlite_master" WHERE "type" = 'table' AND "rootpage" IS NOT NULL;
2026-06-06 08:26:55.484 -03:00 [INF] Executed DbCommand (12ms) [Parameters=[], CommandType='"Text"', CommandTimeout='30']
SELECT COUNT(*) FROM "sqlite_master" WHERE "type" = 'table' AND "rootpage" IS NOT NULL;
2026-06-06 08:27:00.101 -03:00 [INF] Starting quick scan from dashboard...
2026-06-06 08:27:00.116 -03:00 [INF] Starting Amcache Parser scan...
2026-06-06 08:27:00.123 -03:00 [ERR] Error scanning Amcache Parser
System.IO.IOException: The process cannot access the file 'C:\Windows\appcompat\Programs\Amcache.hve' because it is being used by another process.
   at Microsoft.Win32.SafeHandles.SafeFileHandle.CreateFile(String fullPath, FileMode mode, FileAccess access, FileShare share, FileOptions options)
   at Microsoft.Win32.SafeHandles.SafeFileHandle.Open(String fullPath, FileMode mode, FileAccess access, FileShare share, FileOptions options, Int64 preallocationSize, Nullable`1 unixCreateMode)
   at System.IO.Strategies.OSFileStreamStrategy..ctor(String path, FileMode mode, FileAccess access, FileShare share, FileOptions options, Int64 preallocationSize, Nullable`1 unixCreateMode)
   at System.IO.Strategies.FileStreamHelpers.ChooseStrategyCore(String path, FileMode mode, FileAccess access, FileShare share, FileOptions options, Int64 preallocationSize, Nullable`1 unixCreateMode)
   at System.IO.File.OpenRead(String path)
   at ForensicAnalyzerPro.Infrastructure.EvidenceManagement.EvidenceManager.CalculateSHA256Async(String filePath) in C:\Users\Administrator\Desktop\c++\ForensicAnalyzerPro\src\ForensicAnalyzerPro.Infrastructure\EvidenceManagement\EvidenceManager.cs:line 38
   at ForensicAnalyzerPro.Infrastructure.EvidenceManagement.EvidenceManager.CollectEvidenceAsync(String sourcePath, String name, String description) in C:\Users\Administrator\Desktop\c++\ForensicAnalyzerPro\src\ForensicAnalyzerPro.Infrastructure\EvidenceManagement\EvidenceManager.cs:line 28
   at ForensicAnalyzerPro.Application.Services.ScanCoordinatorService.RunScanAsync(ScanOptions options, IProgress`1 progress) in C:\Users\Administrator\Desktop\c++\ForensicAnalyzerPro\src\ForensicAnalyzerPro.Application\Services\ScanCoordinatorService.cs:line 84
2026-06-06 08:27:00.136 -03:00 [INF] Starting BAM Parser scan...
2026-06-06 08:27:00.137 -03:00 [INF] Starting Prefetch Parser scan...
2026-06-06 08:27:00.138 -03:00 [INF] Starting USN Journal Parser scan...
2026-06-06 08:27:00.170 -03:00 [INF] Starting MFT Parser scan...
2026-06-06 08:27:00.174 -03:00 [INF] Starting SRUM Parser scan...
2026-06-06 08:27:00.175 -03:00 [INF] Starting Event Log Parser scan...
2026-06-06 08:27:00.177 -03:00 [ERR] Error scanning Event Log Parser
System.IO.IOException: The process cannot access the file 'C:\Windows\System32\winevt\Logs\Security.evtx' because it is being used by another process.
   at Microsoft.Win32.SafeHandles.SafeFileHandle.CreateFile(String fullPath, FileMode mode, FileAccess access, FileShare share, FileOptions options)
   at Microsoft.Win32.SafeHandles.SafeFileHandle.Open(String fullPath, FileMode mode, FileAccess access, FileShare share, FileOptions options, Int64 preallocationSize, Nullable`1 unixCreateMode)
   at System.IO.Strategies.OSFileStreamStrategy..ctor(String path, FileMode mode, FileAccess access, FileShare share, FileOptions options, Int64 preallocationSize, Nullable`1 unixCreateMode)
   at System.IO.Strategies.FileStreamHelpers.ChooseStrategyCore(String path, FileMode mode, FileAccess access, FileShare share, FileOptions options, Int64 preallocationSize, Nullable`1 unixCreateMode)
   at System.IO.File.OpenRead(String path)
   at ForensicAnalyzerPro.Infrastructure.EvidenceManagement.EvidenceManager.CalculateSHA256Async(String filePath) in C:\Users\Administrator\Desktop\c++\ForensicAnalyzerPro\src\ForensicAnalyzerPro.Infrastructure\EvidenceManagement\EvidenceManager.cs:line 38
   at ForensicAnalyzerPro.Infrastructure.EvidenceManagement.EvidenceManager.CollectEvidenceAsync(String sourcePath, String name, String description) in C:\Users\Administrator\Desktop\c++\ForensicAnalyzerPro\src\ForensicAnalyzerPro.Infrastructure\EvidenceManagement\EvidenceManager.cs:line 28
   at ForensicAnalyzerPro.Application.Services.ScanCoordinatorService.RunScanAsync(ScanOptions options, IProgress`1 progress) in C:\Users\Administrator\Desktop\c++\ForensicAnalyzerPro\src\ForensicAnalyzerPro.Application\Services\ScanCoordinatorService.cs:line 84
2026-06-06 08:27:00.178 -03:00 [INF] Starting Registry Parser scan...
2026-06-06 08:27:00.179 -03:00 [INF] Starting Browser Parser scan...
2026-06-06 08:27:00.180 -03:00 [INF] Starting PowerShell Parser scan...
2026-06-06 08:27:00.182 -03:00 [INF] Starting Services Parser scan...
2026-06-06 08:27:00.183 -03:00 [INF] Starting Task Scheduler Parser scan...
2026-06-06 08:27:00.184 -03:00 [INF] Starting Startup Parser scan...
2026-06-06 08:27:00.186 -03:00 [INF] Starting USB Device Parser scan...
2026-06-06 08:27:00.188 -03:00 [INF] Starting Network Artifact Parser scan...
2026-06-06 08:27:00.206 -03:00 [INF] Scan 988d77f7-da7b-4015-b97a-87f8e2a2cb5b completed. Found 84 events.
2026-06-06 08:27:00.207 -03:00 [INF] Loading dashboard data...
2026-06-06 08:27:20.039 -03:00 [INF] Executed DbCommand (16ms) [Parameters=[], CommandType='"Text"', CommandTimeout='30']
SELECT COUNT(*) FROM "sqlite_master" WHERE "type" = 'table' AND "rootpage" IS NOT NULL;
2026-06-06 08:44:44.028 -03:00 [INF] Executed DbCommand (39ms) [Parameters=[], CommandType='"Text"', CommandTimeout='30']
SELECT COUNT(*) FROM "sqlite_master" WHERE "type" = 'table' AND "rootpage" IS NOT NULL;
2026-06-06 08:58:28.101 -03:00 [INF] Executed DbCommand (25ms) [Parameters=[], CommandType='"Text"', CommandTimeout='30']
SELECT COUNT(*) FROM "sqlite_master" WHERE "type" = 'table' AND "rootpage" IS NOT NULL;
2026-06-06 08:59:13.900 -03:00 [INF] Executed DbCommand (64ms) [Parameters=[], CommandType='"Text"', CommandTimeout='30']
SELECT COUNT(*) FROM "sqlite_master" WHERE "type" = 'table' AND "rootpage" IS NOT NULL;
2026-06-06 09:11:16.943 -03:00 [INF] Executed DbCommand (10ms) [Parameters=[], CommandType='"Text"', CommandTimeout='30']
SELECT COUNT(*) FROM "sqlite_master" WHERE "type" = 'table' AND "rootpage" IS NOT NULL;
2026-06-06 09:11:29.307 -03:00 [INF] Executed DbCommand (10ms) [Parameters=[], CommandType='"Text"', CommandTimeout='30']
SELECT COUNT(*) FROM "sqlite_master" WHERE "type" = 'table' AND "rootpage" IS NOT NULL;
2026-06-06 09:13:29.328 -03:00 [INF] Webhook configuration saved
2026-06-06 09:13:31.425 -03:00 [INF] Webhook configuration saved
2026-06-06 09:13:31.426 -03:00 [INF] Settings saved to C:\Users\Administrator\AppData\Roaming\ForensicAnalyzerPro\settings.json
2026-06-06 09:13:43.347 -03:00 [INF] Executed DbCommand (10ms) [Parameters=[], CommandType='"Text"', CommandTimeout='30']
SELECT COUNT(*) FROM "sqlite_master" WHERE "type" = 'table' AND "rootpage" IS NOT NULL;
2026-06-06 09:20:13.600 -03:00 [INF] Executed DbCommand (11ms) [Parameters=[], CommandType='"Text"', CommandTimeout='30']
SELECT COUNT(*) FROM "sqlite_master" WHERE "type" = 'table' AND "rootpage" IS NOT NULL;
2026-06-06 09:20:26.152 -03:00 [INF] Starting Amcache Parser scan...
2026-06-06 09:20:26.206 -03:00 [ERR] Error scanning Amcache Parser
System.IO.IOException: The process cannot access the file 'C:\Windows\appcompat\Programs\Amcache.hve' because it is being used by another process.
   at Microsoft.Win32.SafeHandles.SafeFileHandle.CreateFile(String fullPath, FileMode mode, FileAccess access, FileShare share, FileOptions options)
   at Microsoft.Win32.SafeHandles.SafeFileHandle.Open(String fullPath, FileMode mode, FileAccess access, FileShare share, FileOptions options, Int64 preallocationSize, Nullable`1 unixCreateMode)
   at System.IO.Strategies.OSFileStreamStrategy..ctor(String path, FileMode mode, FileAccess access, FileShare share, FileOptions options, Int64 preallocationSize, Nullable`1 unixCreateMode)
   at System.IO.Strategies.FileStreamHelpers.ChooseStrategyCore(String path, FileMode mode, FileAccess access, FileShare share, FileOptions options, Int64 preallocationSize, Nullable`1 unixCreateMode)
   at System.IO.File.OpenRead(String path)
   at ForensicAnalyzerPro.Infrastructure.EvidenceManagement.EvidenceManager.CalculateSHA256Async(String filePath) in C:\Users\Administrator\Desktop\c++\ForensicAnalyzerPro\src\ForensicAnalyzerPro.Infrastructure\EvidenceManagement\EvidenceManager.cs:line 38
   at ForensicAnalyzerPro.Infrastructure.EvidenceManagement.EvidenceManager.CollectEvidenceAsync(String sourcePath, String name, String description) in C:\Users\Administrator\Desktop\c++\ForensicAnalyzerPro\src\ForensicAnalyzerPro.Infrastructure\EvidenceManagement\EvidenceManager.cs:line 28
   at ForensicAnalyzerPro.Application.Services.ScanCoordinatorService.RunScanAsync(ScanOptions options, IProgress`1 progress) in C:\Users\Administrator\Desktop\c++\ForensicAnalyzerPro\src\ForensicAnalyzerPro.Application\Services\ScanCoordinatorService.cs:line 84
2026-06-06 09:20:26.268 -03:00 [INF] Starting BAM Parser scan...
2026-06-06 09:20:26.269 -03:00 [INF] Starting Prefetch Parser scan...
2026-06-06 09:20:26.270 -03:00 [INF] Starting USN Journal Parser scan...
2026-06-06 09:20:26.873 -03:00 [INF] Starting MFT Parser scan...
2026-06-06 09:20:26.931 -03:00 [INF] Starting SRUM Parser scan...
2026-06-06 09:20:26.932 -03:00 [INF] Starting Event Log Parser scan...
2026-06-06 09:20:26.934 -03:00 [ERR] Error scanning Event Log Parser
System.IO.IOException: The process cannot access the file 'C:\Windows\System32\winevt\Logs\Security.evtx' because it is being used by another process.
   at Microsoft.Win32.SafeHandles.SafeFileHandle.CreateFile(String fullPath, FileMode mode, FileAccess access, FileShare share, FileOptions options)
   at Microsoft.Win32.SafeHandles.SafeFileHandle.Open(String fullPath, FileMode mode, FileAccess access, FileShare share, FileOptions options, Int64 preallocationSize, Nullable`1 unixCreateMode)
   at System.IO.Strategies.OSFileStreamStrategy..ctor(String path, FileMode mode, FileAccess access, FileShare share, FileOptions options, Int64 preallocationSize, Nullable`1 unixCreateMode)
   at System.IO.Strategies.FileStreamHelpers.ChooseStrategyCore(String path, FileMode mode, FileAccess access, FileShare share, FileOptions options, Int64 preallocationSize, Nullable`1 unixCreateMode)
   at System.IO.File.OpenRead(String path)
   at ForensicAnalyzerPro.Infrastructure.EvidenceManagement.EvidenceManager.CalculateSHA256Async(String filePath) in C:\Users\Administrator\Desktop\c++\ForensicAnalyzerPro\src\ForensicAnalyzerPro.Infrastructure\EvidenceManagement\EvidenceManager.cs:line 38
   at ForensicAnalyzerPro.Infrastructure.EvidenceManagement.EvidenceManager.CollectEvidenceAsync(String sourcePath, String name, String description) in C:\Users\Administrator\Desktop\c++\ForensicAnalyzerPro\src\ForensicAnalyzerPro.Infrastructure\EvidenceManagement\EvidenceManager.cs:line 28
   at ForensicAnalyzerPro.Application.Services.ScanCoordinatorService.RunScanAsync(ScanOptions options, IProgress`1 progress) in C:\Users\Administrator\Desktop\c++\ForensicAnalyzerPro\src\ForensicAnalyzerPro.Application\Services\ScanCoordinatorService.cs:line 84
2026-06-06 09:20:26.935 -03:00 [INF] Starting Registry Parser scan...
2026-06-06 09:20:26.941 -03:00 [INF] Starting Browser Parser scan...
2026-06-06 09:20:26.946 -03:00 [INF] Starting PowerShell Parser scan...
2026-06-06 09:20:26.951 -03:00 [INF] Starting Services Parser scan...
2026-06-06 09:20:26.957 -03:00 [INF] Starting Task Scheduler Parser scan...
2026-06-06 09:20:26.960 -03:00 [INF] Starting Startup Parser scan...
2026-06-06 09:20:26.965 -03:00 [INF] Starting USB Device Parser scan...
2026-06-06 09:20:26.967 -03:00 [INF] Starting Network Artifact Parser scan...
2026-06-06 09:20:27.026 -03:00 [INF] Scan c12f6b6f-bc9f-4970-92e8-7ee3e9a86c74 completed. Found 84 events.
2026-06-06 09:20:41.755 -03:00 [INF] Starting PowerShell Parser scan...
2026-06-06 09:20:41.756 -03:00 [INF] Starting Network Artifact Parser scan...
2026-06-06 09:20:41.763 -03:00 [INF] Scan f145daa0-84da-490e-8a05-b42534858dc7 completed. Found 12 events.
2026-06-06 09:20:42.656 -03:00 [INF] Starting Event Log Parser scan...
2026-06-06 09:20:42.656 -03:00 [ERR] Error scanning Event Log Parser
System.IO.IOException: The process cannot access the file 'C:\Windows\System32\winevt\Logs\Security.evtx' because it is being used by another process.
   at Microsoft.Win32.SafeHandles.SafeFileHandle.CreateFile(String fullPath, FileMode mode, FileAccess access, FileShare share, FileOptions options)
   at Microsoft.Win32.SafeHandles.SafeFileHandle.Open(String fullPath, FileMode mode, FileAccess access, FileShare share, FileOptions options, Int64 preallocationSize, Nullable`1 unixCreateMode)
   at System.IO.Strategies.OSFileStreamStrategy..ctor(String path, FileMode mode, FileAccess access, FileShare share, FileOptions options, Int64 preallocationSize, Nullable`1 unixCreateMode)
   at System.IO.Strategies.FileStreamHelpers.ChooseStrategyCore(String path, FileMode mode, FileAccess access, FileShare share, FileOptions options, Int64 preallocationSize, Nullable`1 unixCreateMode)
   at System.IO.File.OpenRead(String path)
   at ForensicAnalyzerPro.Infrastructure.EvidenceManagement.EvidenceManager.CalculateSHA256Async(String filePath) in C:\Users\Administrator\Desktop\c++\ForensicAnalyzerPro\src\ForensicAnalyzerPro.Infrastructure\EvidenceManagement\EvidenceManager.cs:line 38
   at ForensicAnalyzerPro.Infrastructure.EvidenceManagement.EvidenceManager.CollectEvidenceAsync(String sourcePath, String name, String description) in C:\Users\Administrator\Desktop\c++\ForensicAnalyzerPro\src\ForensicAnalyzerPro.Infrastructure\EvidenceManagement\EvidenceManager.cs:line 28
   at ForensicAnalyzerPro.Application.Services.ScanCoordinatorService.RunScanAsync(ScanOptions options, IProgress`1 progress) in C:\Users\Administrator\Desktop\c++\ForensicAnalyzerPro\src\ForensicAnalyzerPro.Application\Services\ScanCoordinatorService.cs:line 84
2026-06-06 09:20:42.657 -03:00 [INF] Starting Network Artifact Parser scan...
2026-06-06 09:20:42.671 -03:00 [INF] Scan 86ebdd40-dcb0-44e7-a4a6-69162dc4e745 completed. Found 12 events.
2026-06-06 09:20:43.640 -03:00 [INF] Starting Registry Parser scan...
2026-06-06 09:20:43.833 -03:00 [INF] Scan 7041e700-f8d9-4c86-9c4a-316514504f97 completed. Found 8 events.
2026-06-06 09:20:45.986 -03:00 [INF] Starting Services Parser scan...
2026-06-06 09:20:45.986 -03:00 [INF] Scan 31926ded-5f31-4157-b88c-3639779ca0ce completed. Found 6 events.
2026-06-06 09:20:46.428 -03:00 [INF] Starting Services Parser scan...
2026-06-06 09:20:46.428 -03:00 [INF] Starting Task Scheduler Parser scan...
2026-06-06 09:20:46.428 -03:00 [INF] Starting Startup Parser scan...
2026-06-06 09:20:46.429 -03:00 [INF] Scan e2122a42-571a-4c44-a3c9-de5e806f96db completed. Found 18 events.
2026-06-06 09:20:46.738 -03:00 [INF] Starting Amcache Parser scan...
2026-06-06 09:20:46.738 -03:00 [ERR] Error scanning Amcache Parser
System.IO.IOException: The process cannot access the file 'C:\Windows\appcompat\Programs\Amcache.hve' because it is being used by another process.
   at Microsoft.Win32.SafeHandles.SafeFileHandle.CreateFile(String fullPath, FileMode mode, FileAccess access, FileShare share, FileOptions options)
   at Microsoft.Win32.SafeHandles.SafeFileHandle.Open(String fullPath, FileMode mode, FileAccess access, FileShare share, FileOptions options, Int64 preallocationSize, Nullable`1 unixCreateMode)
   at System.IO.Strategies.OSFileStreamStrategy..ctor(String path, FileMode mode, FileAccess access, FileShare share, FileOptions options, Int64 preallocationSize, Nullable`1 unixCreateMode)
   at System.IO.Strategies.FileStreamHelpers.ChooseStrategyCore(String path, FileMode mode, FileAccess access, FileShare share, FileOptions options, Int64 preallocationSize, Nullable`1 unixCreateMode)
   at System.IO.File.OpenRead(String path)
   at ForensicAnalyzerPro.Infrastructure.EvidenceManagement.EvidenceManager.CalculateSHA256Async(String filePath) in C:\Users\Administrator\Desktop\c++\ForensicAnalyzerPro\src\ForensicAnalyzerPro.Infrastructure\EvidenceManagement\EvidenceManager.cs:line 38
   at ForensicAnalyzerPro.Infrastructure.EvidenceManagement.EvidenceManager.CollectEvidenceAsync(String sourcePath, String name, String description) in C:\Users\Administrator\Desktop\c++\ForensicAnalyzerPro\src\ForensicAnalyzerPro.Infrastructure\EvidenceManagement\EvidenceManager.cs:line 28
   at ForensicAnalyzerPro.Application.Services.ScanCoordinatorService.RunScanAsync(ScanOptions options, IProgress`1 progress) in C:\Users\Administrator\Desktop\c++\ForensicAnalyzerPro\src\ForensicAnalyzerPro.Application\Services\ScanCoordinatorService.cs:line 84
2026-06-06 09:20:46.739 -03:00 [INF] Starting BAM Parser scan...
2026-06-06 09:20:46.739 -03:00 [INF] Starting USN Journal Parser scan...
2026-06-06 09:20:46.742 -03:00 [INF] Starting MFT Parser scan...
2026-06-06 09:20:46.745 -03:00 [INF] Scan 54077ef4-4c0c-448e-af15-1cd823a76ca4 completed. Found 20 events.
2026-06-06 09:20:47.189 -03:00 [INF] Starting Amcache Parser scan...
2026-06-06 09:20:47.190 -03:00 [ERR] Error scanning Amcache Parser
System.IO.IOException: The process cannot access the file 'C:\Windows\appcompat\Programs\Amcache.hve' because it is being used by another process.
   at Microsoft.Win32.SafeHandles.SafeFileHandle.CreateFile(String fullPath, FileMode mode, FileAccess access, FileShare share, FileOptions options)
   at Microsoft.Win32.SafeHandles.SafeFileHandle.Open(String fullPath, FileMode mode, FileAccess access, FileShare share, FileOptions options, Int64 preallocationSize, Nullable`1 unixCreateMode)
   at System.IO.Strategies.OSFileStreamStrategy..ctor(String path, FileMode mode, FileAccess access, FileShare share, FileOptions options, Int64 preallocationSize, Nullable`1 unixCreateMode)
   at System.IO.Strategies.FileStreamHelpers.ChooseStrategyCore(String path, FileMode mode, FileAccess access, FileShare share, FileOptions options, Int64 preallocationSize, Nullable`1 unixCreateMode)
   at System.IO.File.OpenRead(String path)
   at ForensicAnalyzerPro.Infrastructure.EvidenceManagement.EvidenceManager.CalculateSHA256Async(String filePath) in C:\Users\Administrator\Desktop\c++\ForensicAnalyzerPro\src\ForensicAnalyzerPro.Infrastructure\EvidenceManagement\EvidenceManager.cs:line 38
   at ForensicAnalyzerPro.Infrastructure.EvidenceManagement.EvidenceManager.CollectEvidenceAsync(String sourcePath, String name, String description) in C:\Users\Administrator\Desktop\c++\ForensicAnalyzerPro\src\ForensicAnalyzerPro.Infrastructure\EvidenceManagement\EvidenceManager.cs:line 28
   at ForensicAnalyzerPro.Application.Services.ScanCoordinatorService.RunScanAsync(ScanOptions options, IProgress`1 progress) in C:\Users\Administrator\Desktop\c++\ForensicAnalyzerPro\src\ForensicAnalyzerPro.Application\Services\ScanCoordinatorService.cs:line 84
2026-06-06 09:20:47.190 -03:00 [INF] Starting BAM Parser scan...
2026-06-06 09:20:47.190 -03:00 [INF] Starting USN Journal Parser scan...
2026-06-06 09:20:47.195 -03:00 [INF] Starting MFT Parser scan...
2026-06-06 09:20:47.198 -03:00 [INF] Scan effed004-f625-4829-a28b-02c5c2461bdb completed. Found 20 events.
2026-06-06 09:21:46.034 -03:00 [INF] Webhook configuration saved
2026-06-06 15:49:33.308 -03:00 [INF] Executed DbCommand (13ms) [Parameters=[], CommandType='"Text"', CommandTimeout='30']
SELECT COUNT(*) FROM "sqlite_master" WHERE "type" = 'table' AND "rootpage" IS NOT NULL;
2026-06-06 15:52:06.096 -03:00 [INF] Executed DbCommand (10ms) [Parameters=[], CommandType='"Text"', CommandTimeout='30']
SELECT COUNT(*) FROM "sqlite_master" WHERE "type" = 'table' AND "rootpage" IS NOT NULL;
2026-06-06 16:01:17.704 -03:00 [INF] Executed DbCommand (16ms) [Parameters=[], CommandType='"Text"', CommandTimeout='30']
SELECT COUNT(*) FROM "sqlite_master" WHERE "type" = 'table' AND "rootpage" IS NOT NULL;
2026-06-06 16:01:47.480 -03:00 [INF] Starting Prefetch Parser scan...
2026-06-06 16:01:47.490 -03:00 [INF] Starting Event Log Parser scan...
2026-06-06 16:01:47.495 -03:00 [ERR] Error scanning Event Log Parser
System.IO.IOException: The process cannot access the file 'C:\Windows\System32\winevt\Logs\Security.evtx' because it is being used by another process.
   at Microsoft.Win32.SafeHandles.SafeFileHandle.CreateFile(String fullPath, FileMode mode, FileAccess access, FileShare share, FileOptions options)
   at Microsoft.Win32.SafeHandles.SafeFileHandle.Open(String fullPath, FileMode mode, FileAccess access, FileShare share, FileOptions options, Int64 preallocationSize, Nullable`1 unixCreateMode)
   at System.IO.Strategies.OSFileStreamStrategy..ctor(String path, FileMode mode, FileAccess access, FileShare share, FileOptions options, Int64 preallocationSize, Nullable`1 unixCreateMode)
   at System.IO.Strategies.FileStreamHelpers.ChooseStrategyCore(String path, FileMode mode, FileAccess access, FileShare share, FileOptions options, Int64 preallocationSize, Nullable`1 unixCreateMode)
   at System.IO.File.OpenRead(String path)
   at ForensicAnalyzerPro.Infrastructure.EvidenceManagement.EvidenceManager.CalculateSHA256Async(String filePath) in C:\Users\Administrator\Desktop\c++\ForensicAnalyzerPro\src\ForensicAnalyzerPro.Infrastructure\EvidenceManagement\EvidenceManager.cs:line 38
   at ForensicAnalyzerPro.Infrastructure.EvidenceManagement.EvidenceManager.CollectEvidenceAsync(String sourcePath, String name, String description) in C:\Users\Administrator\Desktop\c++\ForensicAnalyzerPro\src\ForensicAnalyzerPro.Infrastructure\EvidenceManagement\EvidenceManager.cs:line 28
   at ForensicAnalyzerPro.Application.Services.ScanCoordinatorService.RunScanAsync(ScanOptions options, IProgress`1 progress) in C:\Users\Administrator\Desktop\c++\ForensicAnalyzerPro\src\ForensicAnalyzerPro.Application\Services\ScanCoordinatorService.cs:line 84
2026-06-06 16:01:47.724 -03:00 [INF] Starting Registry Parser scan...
2026-06-06 16:01:47.731 -03:00 [INF] Scan 5738d0b5-3842-440b-9e2e-19e3b65c2af5 completed. Found 19 events.
2026-06-06 16:49:48.178 -03:00 [INF] Executed DbCommand (9ms) [Parameters=[], CommandType='"Text"', CommandTimeout='30']
SELECT COUNT(*) FROM "sqlite_master" WHERE "type" = 'table' AND "rootpage" IS NOT NULL;
2026-06-06 16:50:23.301 -03:00 [INF] Executed DbCommand (9ms) [Parameters=[], CommandType='"Text"', CommandTimeout='30']
SELECT COUNT(*) FROM "sqlite_master" WHERE "type" = 'table' AND "rootpage" IS NOT NULL;
2026-06-06 16:55:17.837 -03:00 [INF] Executed DbCommand (9ms) [Parameters=[], CommandType='"Text"', CommandTimeout='30']
SELECT COUNT(*) FROM "sqlite_master" WHERE "type" = 'table' AND "rootpage" IS NOT NULL;
2026-06-06 16:55:31.533 -03:00 [ERR] Failed executing DbCommand (3ms) [Parameters=[@__pin_0='?' (Size = 9)], CommandType='"Text"', CommandTimeout='30']
SELECT "s"."Id", "s"."CompletedAt", "s"."CreatedAt", "s"."CurrentUses", "s"."DiscordGuildId", "s"."DiscordUserId", "s"."DownloadMessageId", "s"."DownloadToken", "s"."ErrorMessage", "s"."ExpiresAt", "s"."HostName", "s"."MaxUses", "s"."Pin", "s"."ResultChannelId", "s"."ScanType", "s"."ScannerVersion", "s"."Status", "s"."UserName", "s"."WebhookUrl"
FROM "ScanSessions" AS "s"
WHERE "s"."Pin" = @__pin_0
LIMIT 1
2026-06-06 16:55:31.550 -03:00 [ERR] An exception occurred while iterating over the results of a query for context type 'ForensicAnalyzerPro.Infrastructure.Data.ForensicDbContext'.
Microsoft.Data.Sqlite.SqliteException (0x80004005): SQLite Error 1: 'no such table: ScanSessions'.
   at Microsoft.Data.Sqlite.SqliteException.ThrowExceptionForRC(Int32 rc, sqlite3 db)
   at Microsoft.Data.Sqlite.SqliteCommand.PrepareAndEnumerateStatements()+MoveNext()
   at Microsoft.Data.Sqlite.SqliteCommand.GetStatements()+MoveNext()
   at Microsoft.Data.Sqlite.SqliteDataReader.NextResult()
   at Microsoft.Data.Sqlite.SqliteCommand.ExecuteReader(CommandBehavior behavior)
   at Microsoft.Data.Sqlite.SqliteCommand.ExecuteReaderAsync(CommandBehavior behavior, CancellationToken cancellationToken)
   at Microsoft.Data.Sqlite.SqliteCommand.ExecuteDbDataReaderAsync(CommandBehavior behavior, CancellationToken cancellationToken)
   at Microsoft.EntityFrameworkCore.Storage.RelationalCommand.ExecuteReaderAsync(RelationalCommandParameterObject parameterObject, CancellationToken cancellationToken)
   at Microsoft.EntityFrameworkCore.Storage.RelationalCommand.ExecuteReaderAsync(RelationalCommandParameterObject parameterObject, CancellationToken cancellationToken)
   at Microsoft.EntityFrameworkCore.Query.Internal.SingleQueryingEnumerable`1.AsyncEnumerator.InitializeReaderAsync(AsyncEnumerator enumerator, CancellationToken cancellationToken)
   at Microsoft.EntityFrameworkCore.Query.Internal.SingleQueryingEnumerable`1.AsyncEnumerator.MoveNextAsync()
Microsoft.Data.Sqlite.SqliteException (0x80004005): SQLite Error 1: 'no such table: ScanSessions'.
   at Microsoft.Data.Sqlite.SqliteException.ThrowExceptionForRC(Int32 rc, sqlite3 db)
   at Microsoft.Data.Sqlite.SqliteCommand.PrepareAndEnumerateStatements()+MoveNext()
   at Microsoft.Data.Sqlite.SqliteCommand.GetStatements()+MoveNext()
   at Microsoft.Data.Sqlite.SqliteDataReader.NextResult()
   at Microsoft.Data.Sqlite.SqliteCommand.ExecuteReader(CommandBehavior behavior)
   at Microsoft.Data.Sqlite.SqliteCommand.ExecuteReaderAsync(CommandBehavior behavior, CancellationToken cancellationToken)
   at Microsoft.Data.Sqlite.SqliteCommand.ExecuteDbDataReaderAsync(CommandBehavior behavior, CancellationToken cancellationToken)
   at Microsoft.EntityFrameworkCore.Storage.RelationalCommand.ExecuteReaderAsync(RelationalCommandParameterObject parameterObject, CancellationToken cancellationToken)
   at Microsoft.EntityFrameworkCore.Storage.RelationalCommand.ExecuteReaderAsync(RelationalCommandParameterObject parameterObject, CancellationToken cancellationToken)
   at Microsoft.EntityFrameworkCore.Query.Internal.SingleQueryingEnumerable`1.AsyncEnumerator.InitializeReaderAsync(AsyncEnumerator enumerator, CancellationToken cancellationToken)
   at Microsoft.EntityFrameworkCore.Query.Internal.SingleQueryingEnumerable`1.AsyncEnumerator.MoveNextAsync()
2026-06-06 16:55:31.552 -03:00 [ERR] Failed to validate PIN FA-787878
Microsoft.Data.Sqlite.SqliteException (0x80004005): SQLite Error 1: 'no such table: ScanSessions'.
   at Microsoft.Data.Sqlite.SqliteException.ThrowExceptionForRC(Int32 rc, sqlite3 db)
   at Microsoft.Data.Sqlite.SqliteCommand.PrepareAndEnumerateStatements()+MoveNext()
   at Microsoft.Data.Sqlite.SqliteCommand.GetStatements()+MoveNext()
   at Microsoft.Data.Sqlite.SqliteDataReader.NextResult()
   at Microsoft.Data.Sqlite.SqliteCommand.ExecuteReader(CommandBehavior behavior)
   at Microsoft.Data.Sqlite.SqliteCommand.ExecuteReaderAsync(CommandBehavior behavior, CancellationToken cancellationToken)
   at Microsoft.Data.Sqlite.SqliteCommand.ExecuteDbDataReaderAsync(CommandBehavior behavior, CancellationToken cancellationToken)
   at Microsoft.EntityFrameworkCore.Storage.RelationalCommand.ExecuteReaderAsync(RelationalCommandParameterObject parameterObject, CancellationToken cancellationToken)
   at Microsoft.EntityFrameworkCore.Storage.RelationalCommand.ExecuteReaderAsync(RelationalCommandParameterObject parameterObject, CancellationToken cancellationToken)
   at Microsoft.EntityFrameworkCore.Query.Internal.SingleQueryingEnumerable`1.AsyncEnumerator.InitializeReaderAsync(AsyncEnumerator enumerator, CancellationToken cancellationToken)
   at Microsoft.EntityFrameworkCore.Query.Internal.SingleQueryingEnumerable`1.AsyncEnumerator.MoveNextAsync()
   at Microsoft.EntityFrameworkCore.Query.ShapedQueryCompilingExpressionVisitor.SingleOrDefaultAsync[TSource](IAsyncEnumerable`1 asyncEnumerable, CancellationToken cancellationToken)
   at Microsoft.EntityFrameworkCore.Query.ShapedQueryCompilingExpressionVisitor.SingleOrDefaultAsync[TSource](IAsyncEnumerable`1 asyncEnumerable, CancellationToken cancellationToken)
   at ForensicAnalyzerPro.WPF.Services.PinManagerService.ValidatePinAsync(String pin) in C:\Users\Administrator\Desktop\c++\ForensicAnalyzerPro\src\ForensicAnalyzerPro.WPF\Services\PinManagerService.cs:line 75
2026-06-06 16:57:54.200 -03:00 [INF] Executed DbCommand (10ms) [Parameters=[], CommandType='"Text"', CommandTimeout='30']
SELECT COUNT(*) FROM "sqlite_master" WHERE "type" = 'table' AND "rootpage" IS NOT NULL;
2026-06-06 16:58:06.936 -03:00 [ERR] Failed executing DbCommand (3ms) [Parameters=[@__pin_0='?' (Size = 11)], CommandType='"Text"', CommandTimeout='30']
SELECT "s"."Id", "s"."CompletedAt", "s"."CreatedAt", "s"."CurrentUses", "s"."DiscordGuildId", "s"."DiscordUserId", "s"."DownloadMessageId", "s"."DownloadToken", "s"."ErrorMessage", "s"."ExpiresAt", "s"."HostName", "s"."MaxUses", "s"."Pin", "s"."ResultChannelId", "s"."ScanType", "s"."ScannerVersion", "s"."Status", "s"."UserName", "s"."WebhookUrl"
FROM "ScanSessions" AS "s"
WHERE "s"."Pin" = @__pin_0
LIMIT 1
2026-06-06 16:58:06.951 -03:00 [ERR] An exception occurred while iterating over the results of a query for context type 'ForensicAnalyzerPro.Infrastructure.Data.ForensicDbContext'.
Microsoft.Data.Sqlite.SqliteException (0x80004005): SQLite Error 1: 'no such table: ScanSessions'.
   at Microsoft.Data.Sqlite.SqliteException.ThrowExceptionForRC(Int32 rc, sqlite3 db)
   at Microsoft.Data.Sqlite.SqliteCommand.PrepareAndEnumerateStatements()+MoveNext()
   at Microsoft.Data.Sqlite.SqliteCommand.GetStatements()+MoveNext()
   at Microsoft.Data.Sqlite.SqliteDataReader.NextResult()
   at Microsoft.Data.Sqlite.SqliteCommand.ExecuteReader(CommandBehavior behavior)
   at Microsoft.Data.Sqlite.SqliteCommand.ExecuteReaderAsync(CommandBehavior behavior, CancellationToken cancellationToken)
   at Microsoft.Data.Sqlite.SqliteCommand.ExecuteDbDataReaderAsync(CommandBehavior behavior, CancellationToken cancellationToken)
   at Microsoft.EntityFrameworkCore.Storage.RelationalCommand.ExecuteReaderAsync(RelationalCommandParameterObject parameterObject, CancellationToken cancellationToken)
   at Microsoft.EntityFrameworkCore.Storage.RelationalCommand.ExecuteReaderAsync(RelationalCommandParameterObject parameterObject, CancellationToken cancellationToken)
   at Microsoft.EntityFrameworkCore.Query.Internal.SingleQueryingEnumerable`1.AsyncEnumerator.InitializeReaderAsync(AsyncEnumerator enumerator, CancellationToken cancellationToken)
   at Microsoft.EntityFrameworkCore.Query.Internal.SingleQueryingEnumerable`1.AsyncEnumerator.MoveNextAsync()
Microsoft.Data.Sqlite.SqliteException (0x80004005): SQLite Error 1: 'no such table: ScanSessions'.
   at Microsoft.Data.Sqlite.SqliteException.ThrowExceptionForRC(Int32 rc, sqlite3 db)
   at Microsoft.Data.Sqlite.SqliteCommand.PrepareAndEnumerateStatements()+MoveNext()
   at Microsoft.Data.Sqlite.SqliteCommand.GetStatements()+MoveNext()
   at Microsoft.Data.Sqlite.SqliteDataReader.NextResult()
   at Microsoft.Data.Sqlite.SqliteCommand.ExecuteReader(CommandBehavior behavior)
   at Microsoft.Data.Sqlite.SqliteCommand.ExecuteReaderAsync(CommandBehavior behavior, CancellationToken cancellationToken)
   at Microsoft.Data.Sqlite.SqliteCommand.ExecuteDbDataReaderAsync(CommandBehavior behavior, CancellationToken cancellationToken)
   at Microsoft.EntityFrameworkCore.Storage.RelationalCommand.ExecuteReaderAsync(RelationalCommandParameterObject parameterObject, CancellationToken cancellationToken)
   at Microsoft.EntityFrameworkCore.Storage.RelationalCommand.ExecuteReaderAsync(RelationalCommandParameterObject parameterObject, CancellationToken cancellationToken)
   at Microsoft.EntityFrameworkCore.Query.Internal.SingleQueryingEnumerable`1.AsyncEnumerator.InitializeReaderAsync(AsyncEnumerator enumerator, CancellationToken cancellationToken)
   at Microsoft.EntityFrameworkCore.Query.Internal.SingleQueryingEnumerable`1.AsyncEnumerator.MoveNextAsync()
2026-06-06 16:58:06.953 -03:00 [ERR] Failed to validate PIN FA-11881198
Microsoft.Data.Sqlite.SqliteException (0x80004005): SQLite Error 1: 'no such table: ScanSessions'.
   at Microsoft.Data.Sqlite.SqliteException.ThrowExceptionForRC(Int32 rc, sqlite3 db)
   at Microsoft.Data.Sqlite.SqliteCommand.PrepareAndEnumerateStatements()+MoveNext()
   at Microsoft.Data.Sqlite.SqliteCommand.GetStatements()+MoveNext()
   at Microsoft.Data.Sqlite.SqliteDataReader.NextResult()
   at Microsoft.Data.Sqlite.SqliteCommand.ExecuteReader(CommandBehavior behavior)
   at Microsoft.Data.Sqlite.SqliteCommand.ExecuteReaderAsync(CommandBehavior behavior, CancellationToken cancellationToken)
   at Microsoft.Data.Sqlite.SqliteCommand.ExecuteDbDataReaderAsync(CommandBehavior behavior, CancellationToken cancellationToken)
   at Microsoft.EntityFrameworkCore.Storage.RelationalCommand.ExecuteReaderAsync(RelationalCommandParameterObject parameterObject, CancellationToken cancellationToken)
   at Microsoft.EntityFrameworkCore.Storage.RelationalCommand.ExecuteReaderAsync(RelationalCommandParameterObject parameterObject, CancellationToken cancellationToken)
   at Microsoft.EntityFrameworkCore.Query.Internal.SingleQueryingEnumerable`1.AsyncEnumerator.InitializeReaderAsync(AsyncEnumerator enumerator, CancellationToken cancellationToken)
   at Microsoft.EntityFrameworkCore.Query.Internal.SingleQueryingEnumerable`1.AsyncEnumerator.MoveNextAsync()
   at Microsoft.EntityFrameworkCore.Query.ShapedQueryCompilingExpressionVisitor.SingleOrDefaultAsync[TSource](IAsyncEnumerable`1 asyncEnumerable, CancellationToken cancellationToken)
   at Microsoft.EntityFrameworkCore.Query.ShapedQueryCompilingExpressionVisitor.SingleOrDefaultAsync[TSource](IAsyncEnumerable`1 asyncEnumerable, CancellationToken cancellationToken)
   at ForensicAnalyzerPro.WPF.Services.PinManagerService.ValidatePinAsync(String pin) in C:\Users\Administrator\Desktop\c++\ForensicAnalyzerPro\src\ForensicAnalyzerPro.WPF\Services\PinManagerService.cs:line 75
2026-06-06 17:00:00.039 -03:00 [INF] Executed DbCommand (9ms) [Parameters=[], CommandType='"Text"', CommandTimeout='30']
SELECT COUNT(*) FROM "sqlite_master" WHERE "type" = 'table' AND "rootpage" IS NOT NULL;
2026-06-06 17:00:02.614 -03:00 [INF] Development Master PIN Used
2026-06-06 17:00:13.842 -03:00 [INF] Starting Amcache Parser scan...
2026-06-06 17:00:13.909 -03:00 [INF] Starting BAM Parser scan...
2026-06-06 17:00:13.910 -03:00 [INF] Starting Prefetch Parser scan...
2026-06-06 17:00:13.911 -03:00 [INF] Starting USN Journal Parser scan...
2026-06-06 17:00:13.913 -03:00 [INF] Starting MFT Parser scan...
2026-06-06 17:00:13.932 -03:00 [INF] Starting SRUM Parser scan...
2026-06-06 17:00:13.933 -03:00 [INF] Starting Event Log Parser scan...
2026-06-06 17:00:13.935 -03:00 [ERR] Error scanning Event Log Parser
System.IO.IOException: The process cannot access the file 'C:\Windows\System32\winevt\Logs\Security.evtx' because it is being used by another process.
   at Microsoft.Win32.SafeHandles.SafeFileHandle.CreateFile(String fullPath, FileMode mode, FileAccess access, FileShare share, FileOptions options)
   at Microsoft.Win32.SafeHandles.SafeFileHandle.Open(String fullPath, FileMode mode, FileAccess access, FileShare share, FileOptions options, Int64 preallocationSize, Nullable`1 unixCreateMode)
   at System.IO.Strategies.OSFileStreamStrategy..ctor(String path, FileMode mode, FileAccess access, FileShare share, FileOptions options, Int64 preallocationSize, Nullable`1 unixCreateMode)
   at System.IO.Strategies.FileStreamHelpers.ChooseStrategyCore(String path, FileMode mode, FileAccess access, FileShare share, FileOptions options, Int64 preallocationSize, Nullable`1 unixCreateMode)
   at System.IO.File.OpenRead(String path)
   at ForensicAnalyzerPro.Infrastructure.EvidenceManagement.EvidenceManager.CalculateSHA256Async(String filePath) in C:\Users\Administrator\Desktop\c++\ForensicAnalyzerPro\src\ForensicAnalyzerPro.Infrastructure\EvidenceManagement\EvidenceManager.cs:line 38
   at ForensicAnalyzerPro.Infrastructure.EvidenceManagement.EvidenceManager.CollectEvidenceAsync(String sourcePath, String name, String description) in C:\Users\Administrator\Desktop\c++\ForensicAnalyzerPro\src\ForensicAnalyzerPro.Infrastructure\EvidenceManagement\EvidenceManager.cs:line 28
   at ForensicAnalyzerPro.Application.Services.ScanCoordinatorService.RunScanAsync(ScanOptions options, IProgress`1 progress) in C:\Users\Administrator\Desktop\c++\ForensicAnalyzerPro\src\ForensicAnalyzerPro.Application\Services\ScanCoordinatorService.cs:line 84
2026-06-06 17:00:13.946 -03:00 [INF] Starting Registry Parser scan...
2026-06-06 17:00:13.948 -03:00 [INF] Starting Browser Parser scan...
2026-06-06 17:00:13.949 -03:00 [INF] Starting PowerShell Parser scan...
2026-06-06 17:00:13.951 -03:00 [INF] Starting Services Parser scan...
2026-06-06 17:00:13.952 -03:00 [INF] Starting Task Scheduler Parser scan...
2026-06-06 17:00:13.953 -03:00 [INF] Starting Startup Parser scan...
2026-06-06 17:00:13.954 -03:00 [INF] Starting USB Device Parser scan...
2026-06-06 17:00:13.955 -03:00 [INF] Starting Network Artifact Parser scan...
2026-06-06 17:00:13.968 -03:00 [INF] Scan 3b6bd508-c005-4a12-807c-2ab2411d4517 completed. Found 84 events.
2026-06-06 17:00:21.892 -03:00 [INF] Executed DbCommand (10ms) [Parameters=[], CommandType='"Text"', CommandTimeout='30']
SELECT COUNT(*) FROM "sqlite_master" WHERE "type" = 'table' AND "rootpage" IS NOT NULL;
2026-06-06 17:29:25.016 -03:00 [INF] Executed DbCommand (9ms) [Parameters=[], CommandType='"Text"', CommandTimeout='30']
SELECT COUNT(*) FROM "sqlite_master" WHERE "type" = 'table' AND "rootpage" IS NOT NULL;
2026-06-06 17:29:31.468 -03:00 [INF] Development Master PIN Used
2026-06-06 17:29:42.697 -03:00 [INF] Starting Amcache Parser scan...
2026-06-06 17:29:42.726 -03:00 [INF] Starting BAM Parser scan...
2026-06-06 17:29:42.727 -03:00 [INF] Starting Prefetch Parser scan...
2026-06-06 17:29:42.728 -03:00 [INF] Starting USN Journal Parser scan...
2026-06-06 17:29:42.731 -03:00 [INF] Starting MFT Parser scan...
2026-06-06 17:29:42.735 -03:00 [INF] Starting SRUM Parser scan...
2026-06-06 17:29:42.736 -03:00 [INF] Starting Event Log Parser scan...
2026-06-06 17:29:42.738 -03:00 [ERR] Error scanning Event Log Parser
System.IO.IOException: The process cannot access the file 'C:\Windows\System32\winevt\Logs\Security.evtx' because it is being used by another process.
   at Microsoft.Win32.SafeHandles.SafeFileHandle.CreateFile(String fullPath, FileMode mode, FileAccess access, FileShare share, FileOptions options)
   at Microsoft.Win32.SafeHandles.SafeFileHandle.Open(String fullPath, FileMode mode, FileAccess access, FileShare share, FileOptions options, Int64 preallocationSize, Nullable`1 unixCreateMode)
   at System.IO.Strategies.OSFileStreamStrategy..ctor(String path, FileMode mode, FileAccess access, FileShare share, FileOptions options, Int64 preallocationSize, Nullable`1 unixCreateMode)
   at System.IO.Strategies.FileStreamHelpers.ChooseStrategyCore(String path, FileMode mode, FileAccess access, FileShare share, FileOptions options, Int64 preallocationSize, Nullable`1 unixCreateMode)
   at System.IO.File.OpenRead(String path)
   at ForensicAnalyzerPro.Infrastructure.EvidenceManagement.EvidenceManager.CalculateSHA256Async(String filePath) in C:\Users\Administrator\Desktop\c++\ForensicAnalyzerPro\src\ForensicAnalyzerPro.Infrastructure\EvidenceManagement\EvidenceManager.cs:line 38
   at ForensicAnalyzerPro.Infrastructure.EvidenceManagement.EvidenceManager.CollectEvidenceAsync(String sourcePath, String name, String description) in C:\Users\Administrator\Desktop\c++\ForensicAnalyzerPro\src\ForensicAnalyzerPro.Infrastructure\EvidenceManagement\EvidenceManager.cs:line 28
   at ForensicAnalyzerPro.Application.Services.ScanCoordinatorService.RunScanAsync(ScanOptions options, IProgress`1 progress) in C:\Users\Administrator\Desktop\c++\ForensicAnalyzerPro\src\ForensicAnalyzerPro.Application\Services\ScanCoordinatorService.cs:line 84
2026-06-06 17:29:42.748 -03:00 [INF] Starting Registry Parser scan...
2026-06-06 17:29:42.749 -03:00 [INF] Starting Browser Parser scan...
2026-06-06 17:29:42.750 -03:00 [INF] Starting PowerShell Parser scan...
2026-06-06 17:29:42.751 -03:00 [INF] Starting Services Parser scan...
2026-06-06 17:29:42.752 -03:00 [INF] Starting Task Scheduler Parser scan...
2026-06-06 17:29:42.754 -03:00 [INF] Starting Startup Parser scan...
2026-06-06 17:29:42.755 -03:00 [INF] Starting USB Device Parser scan...
2026-06-06 17:29:42.756 -03:00 [INF] Starting Network Artifact Parser scan...
2026-06-06 17:29:42.768 -03:00 [INF] Scan 5195ba91-1ae2-48d7-afa4-22bc8e736592 completed. Found 84 events.
2026-06-06 18:40:49.400 -03:00 [INF] Executed DbCommand (47ms) [Parameters=[], CommandType='"Text"', CommandTimeout='30']
SELECT COUNT(*) FROM "sqlite_master" WHERE "type" = 'table' AND "rootpage" IS NOT NULL;
2026-06-06 18:40:51.094 -03:00 [INF] Local API server started on http://localhost:5801
2026-06-06 19:33:04.676 -03:00 [INF] Executed DbCommand (10ms) [Parameters=[], CommandType='"Text"', CommandTimeout='30']
SELECT COUNT(*) FROM "sqlite_master" WHERE "type" = 'table' AND "rootpage" IS NOT NULL;
2026-06-06 19:33:05.482 -03:00 [INF] Local API server started on http://localhost:5801
2026-06-06 19:33:08.469 -03:00 [WRN] PIN not found in bot store: 1188
2026-06-06 19:47:11.983 -03:00 [INF] Executed DbCommand (11ms) [Parameters=[], CommandType='"Text"', CommandTimeout='30']
SELECT COUNT(*) FROM "sqlite_master" WHERE "type" = 'table' AND "rootpage" IS NOT NULL;
2026-06-06 19:47:13.097 -03:00 [INF] Local API server started on http://localhost:5801
2026-06-06 19:47:25.408 -03:00 [WRN] PIN not found in bot store: 1188
2026-06-06 20:10:46.852 -03:00 [INF] Executed DbCommand (10ms) [Parameters=[], CommandType='"Text"', CommandTimeout='30']
SELECT COUNT(*) FROM "sqlite_master" WHERE "type" = 'table' AND "rootpage" IS NOT NULL;
2026-06-06 20:11:02.558 -03:00 [INF] Starting Amcache Parser scan...
2026-06-06 20:11:02.586 -03:00 [INF] Starting BAM Parser scan...
2026-06-06 20:11:02.587 -03:00 [INF] Starting Prefetch Parser scan...
2026-06-06 20:11:02.588 -03:00 [INF] Starting USN Journal Parser scan...
2026-06-06 20:11:02.592 -03:00 [INF] Starting MFT Parser scan...
2026-06-06 20:11:02.597 -03:00 [INF] Starting SRUM Parser scan...
2026-06-06 20:11:02.598 -03:00 [INF] Starting Event Log Parser scan...
2026-06-06 20:11:02.599 -03:00 [ERR] Error scanning Event Log Parser
System.IO.IOException: The process cannot access the file 'C:\Windows\System32\winevt\Logs\Security.evtx' because it is being used by another process.
   at Microsoft.Win32.SafeHandles.SafeFileHandle.CreateFile(String fullPath, FileMode mode, FileAccess access, FileShare share, FileOptions options)
   at Microsoft.Win32.SafeHandles.SafeFileHandle.Open(String fullPath, FileMode mode, FileAccess access, FileShare share, FileOptions options, Int64 preallocationSize, Nullable`1 unixCreateMode)
   at System.IO.Strategies.OSFileStreamStrategy..ctor(String path, FileMode mode, FileAccess access, FileShare share, FileOptions options, Int64 preallocationSize, Nullable`1 unixCreateMode)
   at System.IO.Strategies.FileStreamHelpers.ChooseStrategyCore(String path, FileMode mode, FileAccess access, FileShare share, FileOptions options, Int64 preallocationSize, Nullable`1 unixCreateMode)
   at System.IO.File.OpenRead(String path)
   at ForensicAnalyzerPro.Infrastructure.EvidenceManagement.EvidenceManager.CalculateSHA256Async(String filePath) in C:\Users\Administrator\Desktop\c++\ForensicAnalyzerPro\src\ForensicAnalyzerPro.Infrastructure\EvidenceManagement\EvidenceManager.cs:line 38
   at ForensicAnalyzerPro.Infrastructure.EvidenceManagement.EvidenceManager.CollectEvidenceAsync(String sourcePath, String name, String description) in C:\Users\Administrator\Desktop\c++\ForensicAnalyzerPro\src\ForensicAnalyzerPro.Infrastructure\EvidenceManagement\EvidenceManager.cs:line 28
   at ForensicAnalyzerPro.Application.Services.ScanCoordinatorService.RunScanAsync(ScanOptions options, IProgress`1 progress) in C:\Users\Administrator\Desktop\c++\ForensicAnalyzerPro\src\ForensicAnalyzerPro.Application\Services\ScanCoordinatorService.cs:line 84
2026-06-06 20:11:02.611 -03:00 [INF] Starting Registry Parser scan...
2026-06-06 20:11:02.612 -03:00 [INF] Starting Browser Parser scan...
2026-06-06 20:11:02.614 -03:00 [INF] Starting PowerShell Parser scan...
2026-06-06 20:11:02.615 -03:00 [INF] Starting Services Parser scan...
2026-06-06 20:11:02.616 -03:00 [INF] Starting Task Scheduler Parser scan...
2026-06-06 20:11:02.618 -03:00 [INF] Starting Startup Parser scan...
2026-06-06 20:11:02.619 -03:00 [INF] Starting USB Device Parser scan...
2026-06-06 20:11:02.620 -03:00 [INF] Starting Network Artifact Parser scan...
2026-06-06 20:11:02.633 -03:00 [INF] Scan 6e302e67-f8a5-4aff-b56b-a1c0f211ebc0 completed. Found 84 events.
